<?xml version="1.0" encoding="UTF-8"?>
<!-- Generated by org.testng.reporters.JUnitReportReporter -->
<testsuite hostname="LAPTOP-GBP339N5" failures="0" tests="3" name="com.bsafe.CalcAppTest" time="0.008" errors="0" timestamp="17 Oct 2021 08:21:16 GMT">
  <testcase classname="com.bsafe.CalcAppTest" name="testAppConstructor" time="0.000"/>
  <testcase classname="com.bsafe.CalcAppTest" name="testAppCalc" time="0.006"/>
  <testcase classname="com.bsafe.CalcAppTest" name="testAppMain" time="0.002"/>
</testsuite> <!-- com.bsafe.CalcAppTest -->
